<?xml version="1.0" encoding="UTF-8"?>
<!-- Generated by org.testng.reporters.JUnitReportReporter -->
<testsuite hostname="INAILABNMS26" failures="0" tests="1" name="package1.Test1" time="0.006" errors="0" timestamp="23 Oct 2021 06:22:59 GMT" skipped="0">
  <testcase classname="package1.Test1" name="test" time="0.006"/>
</testsuite> <!-- package1.Test1 -->
